<?xml version="1.0" encoding="UTF-8"?>
<coverage generated="1717769849870" clover="3.2.0">
  <project timestamp="1717769849870" name="All files">
    <metrics statements="451" coveredstatements="149" conditionals="223" coveredconditionals="45" methods="41" coveredmethods="12" elements="715" coveredelements="206" complexity="0" loc="451" ncloc="451" packages="1" files="3" classes="3"/>
    <file name="deck.js" path="C:\Users\Acer\Desktop\Software-testing\Poker-test\poker_modules\deck.js">
      <metrics statements="17" coveredstatements="17" conditionals="2" coveredconditionals="2" methods="3" coveredmethods="3"/>
      <line num="4" count="2" type="stmt"/>
      <line num="5" count="2" type="stmt"/>
      <line num="6" count="2" type="stmt"/>
      <line num="22" count="2" type="stmt"/>
      <line num="24" count="1" type="stmt"/>
      <line num="25" count="1" type="stmt"/>
      <line num="27" count="1" type="stmt"/>
      <line num="28" count="52" type="stmt"/>
      <line num="29" count="52" type="stmt"/>
      <line num="31" count="1" type="stmt"/>
      <line num="35" count="2" type="stmt"/>
      <line num="36" count="3" type="stmt"/>
      <line num="37" count="3" type="cond" truecount="2" falsecount="0"/>
      <line num="38" count="13" type="stmt"/>
      <line num="39" count="13" type="stmt"/>
      <line num="41" count="3" type="stmt"/>
      <line num="44" count="2" type="stmt"/>
    </file>
    <file name="pot.js" path="C:\Users\Acer\Desktop\Software-testing\Poker-test\poker_modules\pot.js">
      <metrics statements="89" coveredstatements="89" conditionals="43" coveredconditionals="43" methods="8" coveredmethods="8"/>
      <line num="4" count="2" type="stmt"/>
      <line num="10" count="2" type="stmt"/>
      <line num="21" count="2" type="stmt"/>
      <line num="22" count="18" type="stmt"/>
      <line num="23" count="18" type="stmt"/>
      <line num="24" count="18" type="stmt"/>
      <line num="31" count="2" type="stmt"/>
      <line num="33" count="9" type="stmt"/>
      <line num="36" count="9" type="stmt"/>
      <line num="38" count="9" type="stmt"/>
      <line num="42" count="9" type="stmt"/>
      <line num="43" count="25" type="cond" truecount="4" falsecount="0"/>
      <line num="44" count="18" type="cond" truecount="2" falsecount="0"/>
      <line num="45" count="9" type="stmt"/>
      <line num="47" count="9" type="cond" truecount="2" falsecount="0"/>
      <line num="48" count="7" type="stmt"/>
      <line num="50" count="7" type="cond" truecount="2" falsecount="0"/>
      <line num="51" count="1" type="stmt"/>
      <line num="59" count="9" type="cond" truecount="2" falsecount="0"/>
      <line num="60" count="4" type="stmt"/>
      <line num="61" count="11" type="cond" truecount="4" falsecount="0"/>
      <line num="62" count="6" type="stmt"/>
      <line num="63" count="6" type="stmt"/>
      <line num="64" count="6" type="cond" truecount="2" falsecount="0"/>
      <line num="65" count="3" type="stmt"/>
      <line num="73" count="5" type="stmt"/>
      <line num="74" count="14" type="cond" truecount="4" falsecount="0"/>
      <line num="75" count="12" type="stmt"/>
      <line num="76" count="12" type="stmt"/>
      <line num="77" count="12" type="cond" truecount="2" falsecount="0"/>
      <line num="78" count="9" type="stmt"/>
      <line num="84" count="5" type="stmt"/>
      <line num="92" count="5" type="stmt"/>
      <line num="100" count="2" type="stmt"/>
      <line num="102" count="17" type="stmt"/>
      <line num="104" count="17" type="stmt"/>
      <line num="105" count="17" type="stmt"/>
      <line num="107" count="17" type="cond" truecount="2" falsecount="0"/>
      <line num="108" count="16" type="stmt"/>
      <line num="112" count="2" type="stmt"/>
      <line num="113" count="5" type="stmt"/>
      <line num="114" count="5" type="stmt"/>
      <line num="117" count="5" type="stmt"/>
      <line num="118" count="5" type="stmt"/>
      <line num="119" count="5" type="stmt"/>
      <line num="120" count="5" type="stmt"/>
      <line num="121" count="5" type="stmt"/>
      <line num="122" count="15" type="cond" truecount="5" falsecount="0"/>
      <line num="123" count="14" type="cond" truecount="2" falsecount="0"/>
      <line num="124" count="10" type="stmt"/>
      <line num="125" count="10" type="stmt"/>
      <line num="127" count="4" type="cond" truecount="2" falsecount="0"/>
      <line num="128" count="3" type="stmt"/>
      <line num="132" count="5" type="cond" truecount="2" falsecount="0"/>
      <line num="133" count="3" type="stmt"/>
      <line num="134" count="3" type="stmt"/>
      <line num="135" count="3" type="stmt"/>
      <line num="136" count="3" type="stmt"/>
      <line num="138" count="2" type="stmt"/>
      <line num="140" count="2" type="stmt"/>
      <line num="141" count="2" type="stmt"/>
      <line num="143" count="2" type="stmt"/>
      <line num="144" count="4" type="stmt"/>
      <line num="145" count="4" type="cond" truecount="4" falsecount="0"/>
      <line num="146" count="1" type="stmt"/>
      <line num="148" count="3" type="stmt"/>
      <line num="151" count="4" type="stmt"/>
      <line num="152" count="4" type="stmt"/>
      <line num="153" count="4" type="stmt"/>
      <line num="154" count="4" type="stmt"/>
      <line num="159" count="5" type="stmt"/>
      <line num="161" count="5" type="stmt"/>
      <line num="169" count="2" type="stmt"/>
      <line num="170" count="1" type="stmt"/>
      <line num="171" count="1" type="stmt"/>
      <line num="173" count="1" type="stmt"/>
      <line num="174" count="1" type="stmt"/>
      <line num="175" count="1" type="stmt"/>
      <line num="178" count="1" type="stmt"/>
      <line num="179" count="1" type="stmt"/>
      <line num="186" count="2" type="stmt"/>
      <line num="187" count="2" type="stmt"/>
      <line num="188" count="2" type="stmt"/>
      <line num="189" count="2" type="stmt"/>
      <line num="190" count="2" type="cond" truecount="2" falsecount="0"/>
      <line num="191" count="1" type="stmt"/>
      <line num="196" count="2" type="stmt"/>
      <line num="197" count="2" type="stmt"/>
      <line num="201" count="2" type="stmt"/>
    </file>
    <file name="table.js" path="C:\Users\Acer\Desktop\Software-testing\Poker-test\poker_modules\table.js">
      <metrics statements="345" coveredstatements="43" conditionals="178" coveredconditionals="0" methods="30" coveredmethods="1"/>
      <line num="1" count="1" type="stmt"/>
      <line num="2" count="1" type="stmt"/>
      <line num="17" count="1" type="stmt"/>
      <line num="19" count="1" type="stmt"/>
      <line num="21" count="1" type="stmt"/>
      <line num="23" count="1" type="stmt"/>
      <line num="25" count="1" type="stmt"/>
      <line num="27" count="1" type="stmt"/>
      <line num="29" count="1" type="stmt"/>
      <line num="31" count="1" type="stmt"/>
      <line num="33" count="1" type="stmt"/>
      <line num="35" count="1" type="stmt"/>
      <line num="37" count="1" type="stmt"/>
      <line num="39" count="1" type="stmt"/>
      <line num="78" count="1" type="stmt"/>
      <line num="79" count="0" type="stmt"/>
      <line num="84" count="1" type="stmt"/>
      <line num="85" count="0" type="stmt"/>
      <line num="86" count="0" type="stmt"/>
      <line num="100" count="1" type="stmt"/>
      <line num="101" count="0" type="cond" truecount="0" falsecount="2"/>
      <line num="102" count="0" type="cond" truecount="0" falsecount="2"/>
      <line num="104" count="0" type="cond" truecount="0" falsecount="2"/>
      <line num="105" count="0" type="stmt"/>
      <line num="106" count="0" type="cond" truecount="0" falsecount="2"/>
      <line num="107" count="0" type="stmt"/>
      <line num="108" count="0" type="cond" truecount="0" falsecount="2"/>
      <line num="109" count="0" type="stmt"/>
      <line num="110" count="0" type="stmt"/>
      <line num="111" count="0" type="stmt"/>
      <line num="113" count="0" type="cond" truecount="0" falsecount="2"/>
      <line num="114" count="0" type="stmt"/>
      <line num="119" count="0" type="stmt"/>
      <line num="120" count="0" type="cond" truecount="0" falsecount="2"/>
      <line num="121" count="0" type="stmt"/>
      <line num="122" count="0" type="stmt"/>
      <line num="123" count="0" type="stmt"/>
      <line num="125" count="0" type="cond" truecount="0" falsecount="2"/>
      <line num="126" count="0" type="stmt"/>
      <line num="131" count="0" type="cond" truecount="0" falsecount="2"/>
      <line num="132" count="0" type="stmt"/>
      <line num="133" count="0" type="cond" truecount="0" falsecount="4"/>
      <line num="134" count="0" type="stmt"/>
      <line num="138" count="0" type="stmt"/>
      <line num="139" count="0" type="cond" truecount="0" falsecount="4"/>
      <line num="140" count="0" type="stmt"/>
      <line num="145" count="0" type="stmt"/>
      <line num="154" count="1" type="stmt"/>
      <line num="155" count="0" type="cond" truecount="0" falsecount="2"/>
      <line num="156" count="0" type="cond" truecount="0" falsecount="2"/>
      <line num="158" count="0" type="cond" truecount="0" falsecount="2"/>
      <line num="159" count="0" type="stmt"/>
      <line num="160" count="0" type="cond" truecount="0" falsecount="2"/>
      <line num="161" count="0" type="stmt"/>
      <line num="162" count="0" type="cond" truecount="0" falsecount="2"/>
      <line num="163" count="0" type="stmt"/>
      <line num="164" count="0" type="stmt"/>
      <line num="165" count="0" type="stmt"/>
      <line num="167" count="0" type="cond" truecount="0" falsecount="2"/>
      <line num="168" count="0" type="stmt"/>
      <line num="173" count="0" type="stmt"/>
      <line num="174" count="0" type="cond" truecount="0" falsecount="2"/>
      <line num="175" count="0" type="stmt"/>
      <line num="176" count="0" type="stmt"/>
      <line num="177" count="0" type="stmt"/>
      <line num="179" count="0" type="cond" truecount="0" falsecount="2"/>
      <line num="180" count="0" type="stmt"/>
      <line num="185" count="0" type="cond" truecount="0" falsecount="2"/>
      <line num="186" count="0" type="stmt"/>
      <line num="187" count="0" type="cond" truecount="0" falsecount="4"/>
      <line num="188" count="0" type="stmt"/>
      <line num="192" count="0" type="stmt"/>
      <line num="193" count="0" type="cond" truecount="0" falsecount="4"/>
      <line num="194" count="0" type="stmt"/>
      <line num="199" count="0" type="stmt"/>
      <line num="205" count="1" type="stmt"/>
      <line num="206" count="0" type="cond" truecount="0" falsecount="2"/>
      <line num="208" count="0" type="cond" truecount="0" falsecount="2"/>
      <line num="210" count="0" type="stmt"/>
      <line num="211" count="0" type="stmt"/>
      <line num="212" count="0" type="stmt"/>
      <line num="213" count="0" type="stmt"/>
      <line num="214" count="0" type="stmt"/>
      <line num="216" count="0" type="stmt"/>
      <line num="218" count="0" type="cond" truecount="0" falsecount="4"/>
      <line num="219" count="0" type="cond" truecount="0" falsecount="2"/>
      <line num="220" count="0" type="stmt"/>
      <line num="221" count="0" type="stmt"/>
      <line num="223" count="0" type="stmt"/>
      <line num="224" count="0" type="stmt"/>
      <line num="230" count="0" type="cond" truecount="0" falsecount="2"/>
      <line num="231" count="0" type="stmt"/>
      <line num="232" count="0" type="stmt"/>
      <line num="233" count="0" type="stmt"/>
      <line num="236" count="0" type="cond" truecount="0" falsecount="2"/>
      <line num="237" count="0" type="stmt"/>
      <line num="238" count="0" type="cond" truecount="0" falsecount="4"/>
      <line num="239" count="0" type="stmt"/>
      <line num="242" count="0" type="stmt"/>
      <line num="243" count="0" type="cond" truecount="0" falsecount="4"/>
      <line num="246" count="0" type="stmt"/>
      <line num="249" count="0" type="stmt"/>
      <line num="256" count="1" type="stmt"/>
      <line num="258" count="0" type="stmt"/>
      <line num="261" count="0" type="cond" truecount="0" falsecount="2"/>
      <line num="262" count="0" type="stmt"/>
      <line num="264" count="0" type="stmt"/>
      <line num="266" count="0" type="stmt"/>
      <line num="269" count="0" type="stmt"/>
      <line num="270" count="0" type="stmt"/>
      <line num="276" count="1" type="stmt"/>
      <line num="278" count="0" type="stmt"/>
      <line num="279" count="0" type="stmt"/>
      <line num="285" count="1" type="stmt"/>
      <line num="287" count="0" type="stmt"/>
      <line num="288" count="0" type="stmt"/>
      <line num="290" count="0" type="stmt"/>
      <line num="292" count="0" type="stmt"/>
      <line num="293" count="0" type="stmt"/>
      <line num="294" count="0" type="stmt"/>
      <line num="295" count="0" type="stmt"/>
      <line num="296" count="0" type="stmt"/>
      <line num="299" count="0" type="stmt"/>
      <line num="305" count="1" type="stmt"/>
      <line num="306" count="0" type="cond" truecount="0" falsecount="3"/>
      <line num="308" count="0" type="stmt"/>
      <line num="309" count="0" type="stmt"/>
      <line num="310" count="0" type="stmt"/>
      <line num="312" count="0" type="stmt"/>
      <line num="313" count="0" type="stmt"/>
      <line num="314" count="0" type="stmt"/>
      <line num="316" count="0" type="stmt"/>
      <line num="317" count="0" type="stmt"/>
      <line num="318" count="0" type="stmt"/>
      <line num="321" count="0" type="stmt"/>
      <line num="322" count="0" type="stmt"/>
      <line num="323" count="0" type="stmt"/>
      <line num="324" count="0" type="stmt"/>
      <line num="325" count="0" type="stmt"/>
      <line num="328" count="0" type="cond" truecount="0" falsecount="2"/>
      <line num="329" count="0" type="stmt"/>
      <line num="330" count="0" type="stmt"/>
      <line num="331" count="0" type="stmt"/>
      <line num="334" count="0" type="stmt"/>
      <line num="341" count="1" type="stmt"/>
      <line num="342" count="0" type="stmt"/>
      <line num="344" count="0" type="cond" truecount="0" falsecount="6"/>
      <line num="346" count="0" type="stmt"/>
      <line num="347" count="0" type="stmt"/>
      <line num="349" count="0" type="stmt"/>
      <line num="350" count="0" type="stmt"/>
      <line num="352" count="0" type="cond" truecount="0" falsecount="2"/>
      <line num="353" count="0" type="stmt"/>
      <line num="355" count="0" type="stmt"/>
      <line num="357" count="0" type="stmt"/>
      <line num="362" count="0" type="cond" truecount="0" falsecount="2"/>
      <line num="363" count="0" type="cond" truecount="0" falsecount="2"/>
      <line num="364" count="0" type="stmt"/>
      <line num="366" count="0" type="stmt"/>
      <line num="369" count="0" type="stmt"/>
      <line num="371" count="0" type="stmt"/>
      <line num="374" count="0" type="stmt"/>
      <line num="380" count="1" type="stmt"/>
      <line num="381" count="0" type="stmt"/>
      <line num="383" count="0" type="stmt"/>
      <line num="384" count="0" type="stmt"/>
      <line num="386" count="0" type="stmt"/>
      <line num="387" count="0" type="stmt"/>
      <line num="390" count="0" type="cond" truecount="0" falsecount="2"/>
      <line num="391" count="0" type="stmt"/>
      <line num="393" count="0" type="stmt"/>
      <line num="396" count="0" type="stmt"/>
      <line num="398" count="0" type="stmt"/>
      <line num="399" count="0" type="stmt"/>
      <line num="400" count="0" type="stmt"/>
      <line num="406" count="0" type="stmt"/>
      <line num="409" count="0" type="stmt"/>
      <line num="410" count="0" type="stmt"/>
      <line num="411" count="0" type="stmt"/>
      <line num="418" count="1" type="stmt"/>
      <line num="419" count="0" type="cond" truecount="0" falsecount="4"/>
      <line num="423" count="0" type="stmt"/>
      <line num="424" count="0" type="stmt"/>
      <line num="426" count="0" type="stmt"/>
      <line num="427" count="0" type="stmt"/>
      <line num="435" count="1" type="stmt"/>
      <line num="436" count="0" type="cond" truecount="0" falsecount="2"/>
      <line num="437" count="0" type="stmt"/>
      <line num="438" count="0" type="stmt"/>
      <line num="444" count="0" type="cond" truecount="0" falsecount="2"/>
      <line num="445" count="0" type="stmt"/>
      <line num="446" count="0" type="stmt"/>
      <line num="453" count="1" type="stmt"/>
      <line num="454" count="0" type="cond" truecount="0" falsecount="2"/>
      <line num="455" count="0" type="stmt"/>
      <line num="456" count="0" type="stmt"/>
      <line num="462" count="0" type="cond" truecount="0" falsecount="2"/>
      <line num="463" count="0" type="stmt"/>
      <line num="464" count="0" type="stmt"/>
      <line num="470" count="1" type="stmt"/>
      <line num="471" count="0" type="stmt"/>
      <line num="472" count="0" type="stmt"/>
      <line num="478" count="0" type="stmt"/>
      <line num="480" count="0" type="stmt"/>
      <line num="481" count="0" type="stmt"/>
      <line num="482" count="0" type="cond" truecount="0" falsecount="2"/>
      <line num="483" count="0" type="stmt"/>
      <line num="484" count="0" type="stmt"/>
      <line num="485" count="0" type="stmt"/>
      <line num="486" count="0" type="stmt"/>
      <line num="488" count="0" type="cond" truecount="0" falsecount="2"/>
      <line num="489" count="0" type="stmt"/>
      <line num="491" count="0" type="stmt"/>
      <line num="499" count="1" type="stmt"/>
      <line num="500" count="0" type="stmt"/>
      <line num="507" count="0" type="stmt"/>
      <line num="509" count="0" type="cond" truecount="0" falsecount="2"/>
      <line num="510" count="0" type="stmt"/>
      <line num="512" count="0" type="stmt"/>
      <line num="519" count="1" type="stmt"/>
      <line num="520" count="0" type="stmt"/>
      <line num="521" count="0" type="stmt"/>
      <line num="523" count="0" type="stmt"/>
      <line num="530" count="0" type="stmt"/>
      <line num="532" count="0" type="cond" truecount="0" falsecount="4"/>
      <line num="533" count="0" type="stmt"/>
      <line num="535" count="0" type="stmt"/>
      <line num="542" count="1" type="stmt"/>
      <line num="543" count="0" type="stmt"/>
      <line num="544" count="0" type="cond" truecount="0" falsecount="2"/>
      <line num="546" count="0" type="stmt"/>
      <line num="553" count="0" type="stmt"/>
      <line num="555" count="0" type="stmt"/>
      <line num="556" count="0" type="cond" truecount="0" falsecount="2"/>
      <line num="557" count="0" type="stmt"/>
      <line num="559" count="0" type="stmt"/>
      <line num="560" count="0" type="stmt"/>
      <line num="567" count="1" type="stmt"/>
      <line num="568" count="0" type="stmt"/>
      <line num="569" count="0" type="stmt"/>
      <line num="570" count="0" type="cond" truecount="0" falsecount="2"/>
      <line num="571" count="0" type="stmt"/>
      <line num="572" count="0" type="stmt"/>
      <line num="578" count="0" type="stmt"/>
      <line num="580" count="0" type="stmt"/>
      <line num="581" count="0" type="cond" truecount="0" falsecount="2"/>
      <line num="582" count="0" type="stmt"/>
      <line num="584" count="0" type="stmt"/>
      <line num="585" count="0" type="stmt"/>
      <line num="594" count="1" type="stmt"/>
      <line num="595" count="0" type="stmt"/>
      <line num="596" count="0" type="stmt"/>
      <line num="598" count="0" type="stmt"/>
      <line num="601" count="0" type="stmt"/>
      <line num="603" count="0" type="stmt"/>
      <line num="610" count="1" type="stmt"/>
      <line num="611" count="0" type="stmt"/>
      <line num="617" count="0" type="stmt"/>
      <line num="620" count="0" type="stmt"/>
      <line num="621" count="0" type="stmt"/>
      <line num="623" count="0" type="stmt"/>
      <line num="626" count="0" type="cond" truecount="0" falsecount="4"/>
      <line num="628" count="0" type="stmt"/>
      <line num="636" count="1" type="stmt"/>
      <line num="637" count="0" type="stmt"/>
      <line num="645" count="0" type="cond" truecount="0" falsecount="2"/>
      <line num="646" count="0" type="stmt"/>
      <line num="649" count="0" type="cond" truecount="0" falsecount="2"/>
      <line num="650" count="0" type="stmt"/>
      <line num="653" count="0" type="stmt"/>
      <line num="656" count="0" type="stmt"/>
      <line num="657" count="0" type="stmt"/>
      <line num="660" count="0" type="cond" truecount="0" falsecount="2"/>
      <line num="661" count="0" type="stmt"/>
      <line num="664" count="0" type="stmt"/>
      <line num="665" count="0" type="stmt"/>
      <line num="668" count="0" type="cond" truecount="0" falsecount="2"/>
      <line num="669" count="0" type="stmt"/>
      <line num="672" count="0" type="cond" truecount="0" falsecount="4"/>
      <line num="673" count="0" type="stmt"/>
      <line num="683" count="1" type="stmt"/>
      <line num="685" count="0" type="cond" truecount="0" falsecount="2"/>
      <line num="686" count="0" type="stmt"/>
      <line num="690" count="0" type="cond" truecount="0" falsecount="2"/>
      <line num="691" count="0" type="stmt"/>
      <line num="697" count="0" type="stmt"/>
      <line num="701" count="0" type="cond" truecount="0" falsecount="2"/>
      <line num="702" count="0" type="stmt"/>
      <line num="704" count="0" type="stmt"/>
      <line num="706" count="0" type="stmt"/>
      <line num="707" count="0" type="stmt"/>
      <line num="709" count="0" type="cond" truecount="0" falsecount="2"/>
      <line num="710" count="0" type="stmt"/>
      <line num="711" count="0" type="stmt"/>
      <line num="713" count="0" type="cond" truecount="0" falsecount="2"/>
      <line num="714" count="0" type="cond" truecount="0" falsecount="2"/>
      <line num="715" count="0" type="stmt"/>
      <line num="719" count="0" type="cond" truecount="0" falsecount="4"/>
      <line num="720" count="0" type="stmt"/>
      <line num="723" count="0" type="cond" truecount="0" falsecount="4"/>
      <line num="724" count="0" type="cond" truecount="0" falsecount="2"/>
      <line num="725" count="0" type="stmt"/>
      <line num="729" count="0" type="cond" truecount="0" falsecount="2"/>
      <line num="730" count="0" type="stmt"/>
      <line num="734" count="0" type="stmt"/>
      <line num="736" count="0" type="stmt"/>
      <line num="739" count="1" type="stmt"/>
      <line num="741" count="0" type="stmt"/>
      <line num="742" count="0" type="stmt"/>
      <line num="743" count="0" type="stmt"/>
      <line num="744" count="0" type="cond" truecount="0" falsecount="2"/>
      <line num="745" count="0" type="stmt"/>
      <line num="747" count="0" type="stmt"/>
      <line num="751" count="0" type="stmt"/>
      <line num="757" count="1" type="stmt"/>
      <line num="759" count="0" type="stmt"/>
      <line num="761" count="0" type="cond" truecount="0" falsecount="2"/>
      <line num="762" count="0" type="stmt"/>
      <line num="763" count="0" type="stmt"/>
      <line num="771" count="1" type="stmt"/>
      <line num="773" count="0" type="stmt"/>
      <line num="774" count="0" type="cond" truecount="0" falsecount="2"/>
      <line num="775" count="0" type="stmt"/>
      <line num="776" count="0" type="stmt"/>
      <line num="780" count="0" type="stmt"/>
      <line num="781" count="0" type="cond" truecount="0" falsecount="5"/>
      <line num="782" count="0" type="stmt"/>
      <line num="783" count="0" type="stmt"/>
      <line num="788" count="0" type="cond" truecount="0" falsecount="2"/>
      <line num="789" count="0" type="stmt"/>
      <line num="791" count="0" type="stmt"/>
      <line num="798" count="1" type="stmt"/>
      <line num="799" count="0" type="stmt"/>
      <line num="800" count="0" type="stmt"/>
      <line num="801" count="0" type="stmt"/>
      <line num="802" count="0" type="stmt"/>
      <line num="803" count="0" type="stmt"/>
      <line num="804" count="0" type="stmt"/>
      <line num="805" count="0" type="stmt"/>
      <line num="806" count="0" type="stmt"/>
      <line num="807" count="0" type="stmt"/>
      <line num="813" count="1" type="stmt"/>
      <line num="814" count="0" type="stmt"/>
      <line num="815" count="0" type="stmt"/>
      <line num="818" count="1" type="stmt"/>
    </file>
  </project>
</coverage>
