<?xml version="1.0" encoding="UTF-8"?>
<coverage generated="1717936235200" clover="3.2.0">
  <project timestamp="1717936235201" name="All files">
    <metrics statements="454" coveredstatements="454" conditionals="223" coveredconditionals="223" methods="41" coveredmethods="41" elements="718" coveredelements="718" complexity="0" loc="454" ncloc="454" packages="1" files="3" classes="3"/>
    <file name="deck.js" path="C:\Users\Acer\Desktop\Software-testing\Poker-test\poker_modules\deck.js">
      <metrics statements="17" coveredstatements="17" conditionals="2" coveredconditionals="2" methods="3" coveredmethods="3"/>
      <line num="4" count="2" type="stmt"/>
      <line num="5" count="23" type="stmt"/>
      <line num="6" count="23" type="stmt"/>
      <line num="22" count="2" type="stmt"/>
      <line num="24" count="7" type="stmt"/>
      <line num="25" count="7" type="stmt"/>
      <line num="27" count="7" type="stmt"/>
      <line num="28" count="364" type="stmt"/>
      <line num="29" count="364" type="stmt"/>
      <line num="31" count="7" type="stmt"/>
      <line num="35" count="2" type="stmt"/>
      <line num="36" count="3" type="stmt"/>
      <line num="37" count="3" type="cond" truecount="2" falsecount="0"/>
      <line num="38" count="13" type="stmt"/>
      <line num="39" count="13" type="stmt"/>
      <line num="41" count="3" type="stmt"/>
      <line num="44" count="2" type="stmt"/>
    </file>
    <file name="pot.js" path="C:\Users\Acer\Desktop\Software-testing\Poker-test\poker_modules\pot.js">
      <metrics statements="89" coveredstatements="89" conditionals="43" coveredconditionals="43" methods="8" coveredmethods="8"/>
      <line num="4" count="2" type="stmt"/>
      <line num="10" count="23" type="stmt"/>
      <line num="21" count="2" type="stmt"/>
      <line num="22" count="18" type="stmt"/>
      <line num="23" count="18" type="stmt"/>
      <line num="24" count="18" type="stmt"/>
      <line num="31" count="2" type="stmt"/>
      <line num="33" count="9" type="stmt"/>
      <line num="36" count="9" type="stmt"/>
      <line num="38" count="9" type="stmt"/>
      <line num="42" count="9" type="stmt"/>
      <line num="43" count="25" type="cond" truecount="4" falsecount="0"/>
      <line num="44" count="18" type="cond" truecount="2" falsecount="0"/>
      <line num="45" count="9" type="stmt"/>
      <line num="47" count="9" type="cond" truecount="2" falsecount="0"/>
      <line num="48" count="7" type="stmt"/>
      <line num="50" count="7" type="cond" truecount="2" falsecount="0"/>
      <line num="51" count="1" type="stmt"/>
      <line num="59" count="9" type="cond" truecount="2" falsecount="0"/>
      <line num="60" count="4" type="stmt"/>
      <line num="61" count="11" type="cond" truecount="4" falsecount="0"/>
      <line num="62" count="6" type="stmt"/>
      <line num="63" count="6" type="stmt"/>
      <line num="64" count="6" type="cond" truecount="2" falsecount="0"/>
      <line num="65" count="3" type="stmt"/>
      <line num="73" count="5" type="stmt"/>
      <line num="74" count="14" type="cond" truecount="4" falsecount="0"/>
      <line num="75" count="12" type="stmt"/>
      <line num="76" count="12" type="stmt"/>
      <line num="77" count="12" type="cond" truecount="2" falsecount="0"/>
      <line num="78" count="9" type="stmt"/>
      <line num="84" count="5" type="stmt"/>
      <line num="92" count="5" type="stmt"/>
      <line num="100" count="2" type="stmt"/>
      <line num="102" count="17" type="stmt"/>
      <line num="104" count="17" type="stmt"/>
      <line num="105" count="17" type="stmt"/>
      <line num="107" count="17" type="cond" truecount="2" falsecount="0"/>
      <line num="108" count="16" type="stmt"/>
      <line num="112" count="2" type="stmt"/>
      <line num="113" count="5" type="stmt"/>
      <line num="114" count="5" type="stmt"/>
      <line num="117" count="5" type="stmt"/>
      <line num="118" count="5" type="stmt"/>
      <line num="119" count="5" type="stmt"/>
      <line num="120" count="5" type="stmt"/>
      <line num="121" count="5" type="stmt"/>
      <line num="122" count="15" type="cond" truecount="5" falsecount="0"/>
      <line num="123" count="14" type="cond" truecount="2" falsecount="0"/>
      <line num="124" count="10" type="stmt"/>
      <line num="125" count="10" type="stmt"/>
      <line num="127" count="4" type="cond" truecount="2" falsecount="0"/>
      <line num="128" count="3" type="stmt"/>
      <line num="132" count="5" type="cond" truecount="2" falsecount="0"/>
      <line num="133" count="3" type="stmt"/>
      <line num="134" count="3" type="stmt"/>
      <line num="135" count="3" type="stmt"/>
      <line num="136" count="3" type="stmt"/>
      <line num="138" count="2" type="stmt"/>
      <line num="140" count="2" type="stmt"/>
      <line num="141" count="2" type="stmt"/>
      <line num="143" count="2" type="stmt"/>
      <line num="144" count="4" type="stmt"/>
      <line num="145" count="4" type="cond" truecount="4" falsecount="0"/>
      <line num="146" count="1" type="stmt"/>
      <line num="148" count="3" type="stmt"/>
      <line num="151" count="4" type="stmt"/>
      <line num="152" count="4" type="stmt"/>
      <line num="153" count="4" type="stmt"/>
      <line num="154" count="4" type="stmt"/>
      <line num="159" count="5" type="stmt"/>
      <line num="161" count="5" type="stmt"/>
      <line num="169" count="2" type="stmt"/>
      <line num="170" count="1" type="stmt"/>
      <line num="171" count="1" type="stmt"/>
      <line num="173" count="1" type="stmt"/>
      <line num="174" count="1" type="stmt"/>
      <line num="175" count="1" type="stmt"/>
      <line num="178" count="1" type="stmt"/>
      <line num="179" count="1" type="stmt"/>
      <line num="186" count="2" type="stmt"/>
      <line num="187" count="2" type="stmt"/>
      <line num="188" count="2" type="stmt"/>
      <line num="189" count="2" type="stmt"/>
      <line num="190" count="2" type="cond" truecount="2" falsecount="0"/>
      <line num="191" count="1" type="stmt"/>
      <line num="196" count="2" type="stmt"/>
      <line num="197" count="2" type="stmt"/>
      <line num="201" count="2" type="stmt"/>
    </file>
    <file name="table.js" path="C:\Users\Acer\Desktop\Software-testing\Poker-test\poker_modules\table.js">
      <metrics statements="348" coveredstatements="348" conditionals="178" coveredconditionals="178" methods="30" coveredmethods="30"/>
      <line num="1" count="1" type="stmt"/>
      <line num="2" count="1" type="stmt"/>
      <line num="17" count="1" type="stmt"/>
      <line num="19" count="22" type="stmt"/>
      <line num="21" count="22" type="stmt"/>
      <line num="23" count="22" type="stmt"/>
      <line num="25" count="22" type="stmt"/>
      <line num="27" count="22" type="stmt"/>
      <line num="29" count="22" type="stmt"/>
      <line num="31" count="22" type="stmt"/>
      <line num="33" count="22" type="stmt"/>
      <line num="35" count="22" type="stmt"/>
      <line num="37" count="22" type="stmt"/>
      <line num="39" count="22" type="stmt"/>
      <line num="78" count="22" type="stmt"/>
      <line num="79" count="44" type="stmt"/>
      <line num="84" count="1" type="stmt"/>
      <line num="85" count="1" type="stmt"/>
      <line num="86" count="1" type="stmt"/>
      <line num="100" count="1" type="stmt"/>
      <line num="101" count="15" type="cond" truecount="2" falsecount="0"/>
      <line num="102" count="15" type="cond" truecount="2" falsecount="0"/>
      <line num="104" count="15" type="cond" truecount="2" falsecount="0"/>
      <line num="105" count="6" type="stmt"/>
      <line num="106" count="6" type="cond" truecount="2" falsecount="0"/>
      <line num="107" count="3" type="stmt"/>
      <line num="108" count="3" type="cond" truecount="2" falsecount="0"/>
      <line num="109" count="2" type="stmt"/>
      <line num="110" count="2" type="stmt"/>
      <line num="111" count="2" type="stmt"/>
      <line num="113" count="2" type="cond" truecount="2" falsecount="0"/>
      <line num="114" count="1" type="stmt"/>
      <line num="119" count="5" type="stmt"/>
      <line num="120" count="7" type="cond" truecount="2" falsecount="0"/>
      <line num="121" count="6" type="stmt"/>
      <line num="122" count="6" type="stmt"/>
      <line num="123" count="6" type="stmt"/>
      <line num="125" count="6" type="cond" truecount="2" falsecount="0"/>
      <line num="126" count="5" type="stmt"/>
      <line num="131" count="9" type="cond" truecount="2" falsecount="0"/>
      <line num="132" count="6" type="stmt"/>
      <line num="133" count="7" type="cond" truecount="4" falsecount="0"/>
      <line num="134" count="2" type="stmt"/>
      <line num="138" count="7" type="stmt"/>
      <line num="139" count="9" type="cond" truecount="4" falsecount="0"/>
      <line num="140" count="5" type="stmt"/>
      <line num="145" count="2" type="stmt"/>
      <line num="154" count="1" type="stmt"/>
      <line num="155" count="10" type="cond" truecount="2" falsecount="0"/>
      <line num="156" count="10" type="cond" truecount="2" falsecount="0"/>
      <line num="158" count="10" type="cond" truecount="2" falsecount="0"/>
      <line num="159" count="5" type="stmt"/>
      <line num="160" count="5" type="cond" truecount="2" falsecount="0"/>
      <line num="161" count="3" type="stmt"/>
      <line num="162" count="4" type="cond" truecount="2" falsecount="0"/>
      <line num="163" count="3" type="stmt"/>
      <line num="164" count="3" type="stmt"/>
      <line num="165" count="3" type="stmt"/>
      <line num="167" count="3" type="cond" truecount="2" falsecount="0"/>
      <line num="168" count="2" type="stmt"/>
      <line num="173" count="3" type="stmt"/>
      <line num="174" count="5" type="cond" truecount="2" falsecount="0"/>
      <line num="175" count="4" type="stmt"/>
      <line num="176" count="4" type="stmt"/>
      <line num="177" count="4" type="stmt"/>
      <line num="179" count="4" type="cond" truecount="2" falsecount="0"/>
      <line num="180" count="1" type="stmt"/>
      <line num="185" count="5" type="cond" truecount="2" falsecount="0"/>
      <line num="186" count="4" type="stmt"/>
      <line num="187" count="5" type="cond" truecount="4" falsecount="0"/>
      <line num="188" count="3" type="stmt"/>
      <line num="192" count="2" type="stmt"/>
      <line num="193" count="2" type="cond" truecount="4" falsecount="0"/>
      <line num="194" count="1" type="stmt"/>
      <line num="199" count="3" type="stmt"/>
      <line num="205" count="1" type="stmt"/>
      <line num="206" count="8" type="cond" truecount="2" falsecount="0"/>
      <line num="208" count="8" type="cond" truecount="2" falsecount="0"/>
      <line num="210" count="6" type="stmt"/>
      <line num="211" count="6" type="stmt"/>
      <line num="212" count="6" type="stmt"/>
      <line num="213" count="6" type="stmt"/>
      <line num="214" count="6" type="stmt"/>
      <line num="216" count="6" type="stmt"/>
      <line num="218" count="18" type="cond" truecount="4" falsecount="0"/>
      <line num="219" count="12" type="cond" truecount="2" falsecount="0"/>
      <line num="220" count="3" type="stmt"/>
      <line num="221" count="3" type="stmt"/>
      <line num="223" count="9" type="stmt"/>
      <line num="224" count="9" type="stmt"/>
      <line num="229" count="6" type="cond" truecount="2" falsecount="0"/>
      <line num="230" count="4" type="stmt"/>
      <line num="231" count="4" type="stmt"/>
      <line num="232" count="4" type="stmt"/>
      <line num="235" count="4" type="cond" truecount="2" falsecount="0"/>
      <line num="236" count="8" type="stmt"/>
      <line num="237" count="8" type="cond" truecount="4" falsecount="0"/>
      <line num="238" count="7" type="stmt"/>
      <line num="241" count="4" type="stmt"/>
      <line num="242" count="2" type="cond" truecount="4" falsecount="0"/>
      <line num="245" count="1" type="stmt"/>
      <line num="247" count="6" type="stmt"/>
      <line num="248" count="6" type="stmt"/>
      <line num="249" count="6" type="stmt"/>
      <line num="250" count="6" type="stmt"/>
      <line num="257" count="1" type="stmt"/>
      <line num="259" count="7" type="stmt"/>
      <line num="262" count="7" type="cond" truecount="2" falsecount="0"/>
      <line num="263" count="1" type="stmt"/>
      <line num="265" count="6" type="stmt"/>
      <line num="267" count="7" type="stmt"/>
      <line num="270" count="7" type="stmt"/>
      <line num="271" count="7" type="stmt"/>
      <line num="277" count="1" type="stmt"/>
      <line num="279" count="2" type="stmt"/>
      <line num="280" count="2" type="stmt"/>
      <line num="286" count="1" type="stmt"/>
      <line num="288" count="6" type="stmt"/>
      <line num="289" count="6" type="stmt"/>
      <line num="291" count="6" type="stmt"/>
      <line num="293" count="6" type="stmt"/>
      <line num="294" count="12" type="stmt"/>
      <line num="295" count="12" type="stmt"/>
      <line num="296" count="12" type="stmt"/>
      <line num="297" count="12" type="stmt"/>
      <line num="300" count="6" type="stmt"/>
      <line num="306" count="1" type="stmt"/>
      <line num="307" count="11" type="cond" truecount="3" falsecount="0"/>
      <line num="309" count="9" type="stmt"/>
      <line num="310" count="9" type="stmt"/>
      <line num="311" count="9" type="stmt"/>
      <line num="313" count="1" type="stmt"/>
      <line num="314" count="1" type="stmt"/>
      <line num="315" count="1" type="stmt"/>
      <line num="317" count="1" type="stmt"/>
      <line num="318" count="1" type="stmt"/>
      <line num="319" count="1" type="stmt"/>
      <line num="322" count="11" type="stmt"/>
      <line num="323" count="11" type="stmt"/>
      <line num="324" count="11" type="stmt"/>
      <line num="325" count="11" type="stmt"/>
      <line num="326" count="11" type="stmt"/>
      <line num="329" count="11" type="cond" truecount="2" falsecount="0"/>
      <line num="330" count="1" type="stmt"/>
      <line num="331" count="1" type="stmt"/>
      <line num="332" count="1" type="stmt"/>
      <line num="335" count="10" type="stmt"/>
      <line num="342" count="1" type="stmt"/>
      <line num="343" count="15" type="stmt"/>
      <line num="345" count="15" type="cond" truecount="6" falsecount="0"/>
      <line num="347" count="9" type="stmt"/>
      <line num="348" count="9" type="stmt"/>
      <line num="350" count="1" type="stmt"/>
      <line num="351" count="1" type="stmt"/>
      <line num="353" count="2" type="cond" truecount="2" falsecount="0"/>
      <line num="354" count="1" type="stmt"/>
      <line num="356" count="1" type="stmt"/>
      <line num="358" count="2" type="stmt"/>
      <line num="363" count="3" type="cond" truecount="2" falsecount="0"/>
      <line num="364" count="2" type="cond" truecount="2" falsecount="0"/>
      <line num="365" count="1" type="stmt"/>
      <line num="367" count="1" type="stmt"/>
      <line num="370" count="1" type="stmt"/>
      <line num="372" count="3" type="stmt"/>
      <line num="375" count="15" type="stmt"/>
      <line num="381" count="1" type="stmt"/>
      <line num="382" count="8" type="stmt"/>
      <line num="384" count="8" type="stmt"/>
      <line num="385" count="8" type="stmt"/>
      <line num="387" count="8" type="stmt"/>
      <line num="388" count="8" type="stmt"/>
      <line num="391" count="8" type="cond" truecount="2" falsecount="0"/>
      <line num="392" count="1" type="stmt"/>
      <line num="394" count="8" type="stmt"/>
      <line num="397" count="8" type="stmt"/>
      <line num="399" count="8" type="stmt"/>
      <line num="400" count="8" type="stmt"/>
      <line num="401" count="8" type="stmt"/>
      <line num="407" count="8" type="stmt"/>
      <line num="410" count="8" type="stmt"/>
      <line num="411" count="8" type="stmt"/>
      <line num="412" count="8" type="stmt"/>
      <line num="419" count="1" type="stmt"/>
      <line num="420" count="4" type="cond" truecount="4" falsecount="0"/>
      <line num="424" count="3" type="stmt"/>
      <line num="425" count="3" type="stmt"/>
      <line num="427" count="1" type="stmt"/>
      <line num="428" count="1" type="stmt"/>
      <line num="436" count="1" type="stmt"/>
      <line num="437" count="9" type="cond" truecount="2" falsecount="0"/>
      <line num="438" count="9" type="stmt"/>
      <line num="439" count="9" type="stmt"/>
      <line num="445" count="9" type="cond" truecount="2" falsecount="0"/>
      <line num="446" count="9" type="stmt"/>
      <line num="447" count="9" type="stmt"/>
      <line num="454" count="1" type="stmt"/>
      <line num="455" count="9" type="cond" truecount="2" falsecount="0"/>
      <line num="456" count="9" type="stmt"/>
      <line num="457" count="9" type="stmt"/>
      <line num="463" count="9" type="cond" truecount="2" falsecount="0"/>
      <line num="464" count="9" type="stmt"/>
      <line num="465" count="9" type="stmt"/>
      <line num="471" count="1" type="stmt"/>
      <line num="472" count="8" type="stmt"/>
      <line num="473" count="8" type="stmt"/>
      <line num="479" count="8" type="stmt"/>
      <line num="481" count="8" type="stmt"/>
      <line num="482" count="8" type="stmt"/>
      <line num="483" count="8" type="cond" truecount="2" falsecount="0"/>
      <line num="484" count="6" type="stmt"/>
      <line num="485" count="6" type="stmt"/>
      <line num="486" count="6" type="stmt"/>
      <line num="487" count="6" type="stmt"/>
      <line num="489" count="2" type="cond" truecount="2" falsecount="0"/>
      <line num="490" count="1" type="stmt"/>
      <line num="492" count="1" type="stmt"/>
      <line num="500" count="1" type="stmt"/>
      <line num="501" count="4" type="stmt"/>
      <line num="508" count="4" type="stmt"/>
      <line num="510" count="4" type="cond" truecount="2" falsecount="0"/>
      <line num="511" count="3" type="stmt"/>
      <line num="513" count="1" type="stmt"/>
      <line num="520" count="1" type="stmt"/>
      <line num="521" count="6" type="stmt"/>
      <line num="522" count="6" type="stmt"/>
      <line num="524" count="6" type="stmt"/>
      <line num="531" count="6" type="stmt"/>
      <line num="533" count="6" type="cond" truecount="4" falsecount="0"/>
      <line num="534" count="5" type="stmt"/>
      <line num="536" count="1" type="stmt"/>
      <line num="543" count="1" type="stmt"/>
      <line num="544" count="7" type="stmt"/>
      <line num="545" count="7" type="cond" truecount="2" falsecount="0"/>
      <line num="547" count="7" type="stmt"/>
      <line num="554" count="7" type="stmt"/>
      <line num="556" count="7" type="stmt"/>
      <line num="557" count="7" type="cond" truecount="2" falsecount="0"/>
      <line num="558" count="1" type="stmt"/>
      <line num="560" count="6" type="stmt"/>
      <line num="561" count="6" type="stmt"/>
      <line num="568" count="1" type="stmt"/>
      <line num="569" count="7" type="stmt"/>
      <line num="570" count="7" type="stmt"/>
      <line num="571" count="7" type="cond" truecount="2" falsecount="0"/>
      <line num="572" count="7" type="stmt"/>
      <line num="573" count="7" type="stmt"/>
      <line num="579" count="7" type="stmt"/>
      <line num="581" count="7" type="stmt"/>
      <line num="582" count="7" type="cond" truecount="2" falsecount="0"/>
      <line num="583" count="1" type="stmt"/>
      <line num="585" count="6" type="stmt"/>
      <line num="586" count="6" type="stmt"/>
      <line num="595" count="1" type="stmt"/>
      <line num="596" count="4" type="stmt"/>
      <line num="597" count="4" type="stmt"/>
      <line num="599" count="4" type="stmt"/>
      <line num="602" count="4" type="stmt"/>
      <line num="604" count="4" type="stmt"/>
      <line num="611" count="1" type="stmt"/>
      <line num="612" count="8" type="stmt"/>
      <line num="618" count="8" type="stmt"/>
      <line num="621" count="8" type="stmt"/>
      <line num="622" count="8" type="stmt"/>
      <line num="624" count="8" type="stmt"/>
      <line num="627" count="8" type="cond" truecount="4" falsecount="0"/>
      <line num="629" count="1" type="stmt"/>
      <line num="637" count="1" type="stmt"/>
      <line num="638" count="13" type="stmt"/>
      <line num="646" count="13" type="cond" truecount="2" falsecount="0"/>
      <line num="647" count="12" type="stmt"/>
      <line num="650" count="12" type="cond" truecount="2" falsecount="0"/>
      <line num="651" count="11" type="stmt"/>
      <line num="654" count="12" type="stmt"/>
      <line num="657" count="12" type="stmt"/>
      <line num="658" count="12" type="stmt"/>
      <line num="661" count="12" type="cond" truecount="2" falsecount="0"/>
      <line num="662" count="11" type="stmt"/>
      <line num="665" count="12" type="stmt"/>
      <line num="666" count="12" type="stmt"/>
      <line num="669" count="12" type="cond" truecount="2" falsecount="0"/>
      <line num="670" count="1" type="stmt"/>
      <line num="673" count="11" type="cond" truecount="4" falsecount="0"/>
      <line num="674" count="8" type="stmt"/>
      <line num="684" count="1" type="stmt"/>
      <line num="686" count="10" type="cond" truecount="2" falsecount="0"/>
      <line num="687" count="3" type="stmt"/>
      <line num="691" count="10" type="cond" truecount="2" falsecount="0"/>
      <line num="692" count="6" type="stmt"/>
      <line num="698" count="6" type="stmt"/>
      <line num="702" count="10" type="cond" truecount="2" falsecount="0"/>
      <line num="703" count="9" type="stmt"/>
      <line num="705" count="10" type="stmt"/>
      <line num="707" count="10" type="stmt"/>
      <line num="708" count="10" type="stmt"/>
      <line num="710" count="10" type="cond" truecount="2" falsecount="0"/>
      <line num="711" count="9" type="stmt"/>
      <line num="712" count="9" type="stmt"/>
      <line num="714" count="9" type="cond" truecount="2" falsecount="0"/>
      <line num="715" count="4" type="cond" truecount="2" falsecount="0"/>
      <line num="716" count="3" type="stmt"/>
      <line num="720" count="5" type="cond" truecount="4" falsecount="0"/>
      <line num="721" count="1" type="stmt"/>
      <line num="724" count="4" type="cond" truecount="4" falsecount="0"/>
      <line num="725" count="2" type="cond" truecount="2" falsecount="0"/>
      <line num="726" count="1" type="stmt"/>
      <line num="730" count="2" type="cond" truecount="2" falsecount="0"/>
      <line num="731" count="1" type="stmt"/>
      <line num="735" count="1" type="stmt"/>
      <line num="737" count="10" type="stmt"/>
      <line num="740" count="1" type="stmt"/>
      <line num="742" count="2" type="stmt"/>
      <line num="743" count="2" type="stmt"/>
      <line num="744" count="2" type="stmt"/>
      <line num="745" count="6" type="cond" truecount="2" falsecount="0"/>
      <line num="746" count="3" type="stmt"/>
      <line num="748" count="6" type="stmt"/>
      <line num="752" count="2" type="stmt"/>
      <line num="758" count="1" type="stmt"/>
      <line num="760" count="2" type="stmt"/>
      <line num="762" count="4" type="cond" truecount="2" falsecount="0"/>
      <line num="763" count="2" type="stmt"/>
      <line num="764" count="2" type="stmt"/>
      <line num="772" count="1" type="stmt"/>
      <line num="774" count="9" type="stmt"/>
      <line num="775" count="9" type="cond" truecount="2" falsecount="0"/>
      <line num="776" count="8" type="stmt"/>
      <line num="777" count="8" type="stmt"/>
      <line num="781" count="9" type="stmt"/>
      <line num="782" count="18" type="cond" truecount="5" falsecount="0"/>
      <line num="783" count="9" type="stmt"/>
      <line num="784" count="9" type="stmt"/>
      <line num="789" count="9" type="cond" truecount="2" falsecount="0"/>
      <line num="790" count="8" type="stmt"/>
      <line num="792" count="1" type="stmt"/>
      <line num="799" count="1" type="stmt"/>
      <line num="800" count="8" type="stmt"/>
      <line num="801" count="8" type="stmt"/>
      <line num="802" count="8" type="stmt"/>
      <line num="803" count="8" type="stmt"/>
      <line num="804" count="8" type="stmt"/>
      <line num="805" count="8" type="stmt"/>
      <line num="806" count="8" type="stmt"/>
      <line num="807" count="8" type="stmt"/>
      <line num="808" count="8" type="stmt"/>
      <line num="814" count="1" type="stmt"/>
      <line num="815" count="1" type="stmt"/>
      <line num="816" count="1" type="stmt"/>
      <line num="819" count="1" type="stmt"/>
    </file>
  </project>
</coverage>
