TN:
SF:C:\Users\Acer\Desktop\Software-testing\Poker-test\poker_modules\deck.js
FN:4,(anonymous_0)
FN:22,(anonymous_1)
FN:35,(anonymous_2)
FNF:3
FNH:3
FNDA:2,(anonymous_0)
FNDA:1,(anonymous_1)
FNDA:3,(anonymous_2)
DA:4,2
DA:5,2
DA:6,2
DA:22,2
DA:24,1
DA:25,1
DA:27,1
DA:28,52
DA:29,52
DA:31,1
DA:35,2
DA:36,3
DA:37,3
DA:38,13
DA:39,13
DA:41,3
DA:44,2
LF:17
LH:17
BRDA:37,0,0,16
BRDA:37,0,1,13
BRF:2
BRH:2
end_of_record
TN:
SF:C:\Users\Acer\Desktop\Software-testing\Poker-test\poker_modules\pot.js
FN:4,(anonymous_0)
FN:21,(anonymous_1)
FN:31,(anonymous_2)
FN:100,(anonymous_3)
FN:112,(anonymous_4)
FN:169,(anonymous_5)
FN:186,(anonymous_6)
FN:196,(anonymous_7)
FNF:8
FNH:8
FNDA:2,(anonymous_0)
FNDA:18,(anonymous_1)
FNDA:9,(anonymous_2)
FNDA:17,(anonymous_3)
FNDA:5,(anonymous_4)
FNDA:1,(anonymous_5)
FNDA:2,(anonymous_6)
FNDA:2,(anonymous_7)
DA:4,2
DA:10,2
DA:21,2
DA:22,18
DA:23,18
DA:24,18
DA:31,2
DA:33,9
DA:36,9
DA:38,9
DA:42,9
DA:43,25
DA:44,18
DA:45,9
DA:47,9
DA:48,7
DA:50,7
DA:51,1
DA:59,9
DA:60,4
DA:61,11
DA:62,6
DA:63,6
DA:64,6
DA:65,3
DA:73,5
DA:74,14
DA:75,12
DA:76,12
DA:77,12
DA:78,9
DA:84,5
DA:92,5
DA:100,2
DA:102,17
DA:104,17
DA:105,17
DA:107,17
DA:108,16
DA:112,2
DA:113,5
DA:114,5
DA:117,5
DA:118,5
DA:119,5
DA:120,5
DA:121,5
DA:122,15
DA:123,14
DA:124,10
DA:125,10
DA:127,4
DA:128,3
DA:132,5
DA:133,3
DA:134,3
DA:135,3
DA:136,3
DA:138,2
DA:140,2
DA:141,2
DA:143,2
DA:144,4
DA:145,4
DA:146,1
DA:148,3
DA:151,4
DA:152,4
DA:153,4
DA:154,4
DA:159,5
DA:161,5
DA:169,2
DA:170,1
DA:171,1
DA:173,1
DA:174,1
DA:175,1
DA:178,1
DA:179,1
DA:186,2
DA:187,2
DA:188,2
DA:189,2
DA:190,2
DA:191,1
DA:196,2
DA:197,2
DA:201,2
LF:89
LH:89
BRDA:43,0,0,18
BRDA:43,0,1,7
BRDA:43,1,0,25
BRDA:43,1,1,25
BRDA:44,2,0,9
BRDA:44,2,1,9
BRDA:47,3,0,7
BRDA:47,3,1,2
BRDA:50,4,0,1
BRDA:50,4,1,6
BRDA:59,5,0,4
BRDA:59,5,1,5
BRDA:61,6,0,6
BRDA:61,6,1,5
BRDA:61,7,0,11
BRDA:61,7,1,11
BRDA:64,8,0,3
BRDA:64,8,1,3
BRDA:74,9,0,12
BRDA:74,9,1,2
BRDA:74,10,0,14
BRDA:74,10,1,14
BRDA:77,11,0,9
BRDA:77,11,1,3
BRDA:107,12,0,16
BRDA:107,12,1,1
BRDA:122,13,0,14
BRDA:122,13,1,1
BRDA:122,14,0,15
BRDA:122,14,1,15
BRDA:122,14,2,14
BRDA:123,15,0,10
BRDA:123,15,1,4
BRDA:127,16,0,3
BRDA:127,16,1,1
BRDA:132,17,0,3
BRDA:132,17,1,2
BRDA:145,18,0,1
BRDA:145,18,1,3
BRDA:145,19,0,4
BRDA:145,19,1,2
BRDA:190,20,0,1
BRDA:190,20,1,1
BRF:43
BRH:43
end_of_record
TN:
SF:C:\Users\Acer\Desktop\Software-testing\Poker-test\poker_modules\table.js
FN:17,(anonymous_0)
FN:84,(anonymous_1)
FN:100,(anonymous_2)
FN:154,(anonymous_3)
FN:205,(anonymous_4)
FN:256,(anonymous_5)
FN:276,(anonymous_6)
FN:285,(anonymous_7)
FN:305,(anonymous_8)
FN:330,(anonymous_9)
FN:341,(anonymous_10)
FN:380,(anonymous_11)
FN:410,(anonymous_12)
FN:418,(anonymous_13)
FN:435,(anonymous_14)
FN:453,(anonymous_15)
FN:470,(anonymous_16)
FN:499,(anonymous_17)
FN:519,(anonymous_18)
FN:542,(anonymous_19)
FN:567,(anonymous_20)
FN:594,(anonymous_21)
FN:610,(anonymous_22)
FN:636,(anonymous_23)
FN:683,(anonymous_24)
FN:739,(anonymous_25)
FN:757,(anonymous_26)
FN:771,(anonymous_27)
FN:798,(anonymous_28)
FN:813,(anonymous_29)
FNF:30
FNH:1
FNDA:1,(anonymous_0)
FNDA:0,(anonymous_1)
FNDA:0,(anonymous_2)
FNDA:0,(anonymous_3)
FNDA:0,(anonymous_4)
FNDA:0,(anonymous_5)
FNDA:0,(anonymous_6)
FNDA:0,(anonymous_7)
FNDA:0,(anonymous_8)
FNDA:0,(anonymous_9)
FNDA:0,(anonymous_10)
FNDA:0,(anonymous_11)
FNDA:0,(anonymous_12)
FNDA:0,(anonymous_13)
FNDA:0,(anonymous_14)
FNDA:0,(anonymous_15)
FNDA:0,(anonymous_16)
FNDA:0,(anonymous_17)
FNDA:0,(anonymous_18)
FNDA:0,(anonymous_19)
FNDA:0,(anonymous_20)
FNDA:0,(anonymous_21)
FNDA:0,(anonymous_22)
FNDA:0,(anonymous_23)
FNDA:0,(anonymous_24)
FNDA:0,(anonymous_25)
FNDA:0,(anonymous_26)
FNDA:0,(anonymous_27)
FNDA:0,(anonymous_28)
FNDA:0,(anonymous_29)
DA:1,1
DA:2,1
DA:17,1
DA:19,1
DA:21,1
DA:23,1
DA:25,1
DA:27,1
DA:29,1
DA:31,1
DA:33,1
DA:35,1
DA:37,1
DA:39,1
DA:78,1
DA:79,0
DA:84,1
DA:85,0
DA:86,0
DA:100,1
DA:101,0
DA:102,0
DA:104,0
DA:105,0
DA:106,0
DA:107,0
DA:108,0
DA:109,0
DA:110,0
DA:111,0
DA:113,0
DA:114,0
DA:119,0
DA:120,0
DA:121,0
DA:122,0
DA:123,0
DA:125,0
DA:126,0
DA:131,0
DA:132,0
DA:133,0
DA:134,0
DA:138,0
DA:139,0
DA:140,0
DA:145,0
DA:154,1
DA:155,0
DA:156,0
DA:158,0
DA:159,0
DA:160,0
DA:161,0
DA:162,0
DA:163,0
DA:164,0
DA:165,0
DA:167,0
DA:168,0
DA:173,0
DA:174,0
DA:175,0
DA:176,0
DA:177,0
DA:179,0
DA:180,0
DA:185,0
DA:186,0
DA:187,0
DA:188,0
DA:192,0
DA:193,0
DA:194,0
DA:199,0
DA:205,1
DA:206,0
DA:208,0
DA:210,0
DA:211,0
DA:212,0
DA:213,0
DA:214,0
DA:216,0
DA:218,0
DA:219,0
DA:220,0
DA:221,0
DA:223,0
DA:224,0
DA:230,0
DA:231,0
DA:232,0
DA:233,0
DA:236,0
DA:237,0
DA:238,0
DA:239,0
DA:242,0
DA:243,0
DA:246,0
DA:249,0
DA:256,1
DA:258,0
DA:261,0
DA:262,0
DA:264,0
DA:266,0
DA:269,0
DA:270,0
DA:276,1
DA:278,0
DA:279,0
DA:285,1
DA:287,0
DA:288,0
DA:290,0
DA:292,0
DA:293,0
DA:294,0
DA:295,0
DA:296,0
DA:299,0
DA:305,1
DA:306,0
DA:308,0
DA:309,0
DA:310,0
DA:312,0
DA:313,0
DA:314,0
DA:316,0
DA:317,0
DA:318,0
DA:321,0
DA:322,0
DA:323,0
DA:324,0
DA:325,0
DA:328,0
DA:329,0
DA:330,0
DA:331,0
DA:334,0
DA:341,1
DA:342,0
DA:344,0
DA:346,0
DA:347,0
DA:349,0
DA:350,0
DA:352,0
DA:353,0
DA:355,0
DA:357,0
DA:362,0
DA:363,0
DA:364,0
DA:366,0
DA:369,0
DA:371,0
DA:374,0
DA:380,1
DA:381,0
DA:383,0
DA:384,0
DA:386,0
DA:387,0
DA:390,0
DA:391,0
DA:393,0
DA:396,0
DA:398,0
DA:399,0
DA:400,0
DA:406,0
DA:409,0
DA:410,0
DA:411,0
DA:418,1
DA:419,0
DA:423,0
DA:424,0
DA:426,0
DA:427,0
DA:435,1
DA:436,0
DA:437,0
DA:438,0
DA:444,0
DA:445,0
DA:446,0
DA:453,1
DA:454,0
DA:455,0
DA:456,0
DA:462,0
DA:463,0
DA:464,0
DA:470,1
DA:471,0
DA:472,0
DA:478,0
DA:480,0
DA:481,0
DA:482,0
DA:483,0
DA:484,0
DA:485,0
DA:486,0
DA:488,0
DA:489,0
DA:491,0
DA:499,1
DA:500,0
DA:507,0
DA:509,0
DA:510,0
DA:512,0
DA:519,1
DA:520,0
DA:521,0
DA:523,0
DA:530,0
DA:532,0
DA:533,0
DA:535,0
DA:542,1
DA:543,0
DA:544,0
DA:546,0
DA:553,0
DA:555,0
DA:556,0
DA:557,0
DA:559,0
DA:560,0
DA:567,1
DA:568,0
DA:569,0
DA:570,0
DA:571,0
DA:572,0
DA:578,0
DA:580,0
DA:581,0
DA:582,0
DA:584,0
DA:585,0
DA:594,1
DA:595,0
DA:596,0
DA:598,0
DA:601,0
DA:603,0
DA:610,1
DA:611,0
DA:617,0
DA:620,0
DA:621,0
DA:623,0
DA:626,0
DA:628,0
DA:636,1
DA:637,0
DA:645,0
DA:646,0
DA:649,0
DA:650,0
DA:653,0
DA:656,0
DA:657,0
DA:660,0
DA:661,0
DA:664,0
DA:665,0
DA:668,0
DA:669,0
DA:672,0
DA:673,0
DA:683,1
DA:685,0
DA:686,0
DA:690,0
DA:691,0
DA:697,0
DA:701,0
DA:702,0
DA:704,0
DA:706,0
DA:707,0
DA:709,0
DA:710,0
DA:711,0
DA:713,0
DA:714,0
DA:715,0
DA:719,0
DA:720,0
DA:723,0
DA:724,0
DA:725,0
DA:729,0
DA:730,0
DA:734,0
DA:736,0
DA:739,1
DA:741,0
DA:742,0
DA:743,0
DA:744,0
DA:745,0
DA:747,0
DA:751,0
DA:757,1
DA:759,0
DA:761,0
DA:762,0
DA:763,0
DA:771,1
DA:773,0
DA:774,0
DA:775,0
DA:776,0
DA:780,0
DA:781,0
DA:782,0
DA:783,0
DA:788,0
DA:789,0
DA:791,0
DA:798,1
DA:799,0
DA:800,0
DA:801,0
DA:802,0
DA:803,0
DA:804,0
DA:805,0
DA:806,0
DA:807,0
DA:813,1
DA:814,0
DA:815,0
DA:818,1
LF:345
LH:43
BRDA:101,0,0,0
BRDA:101,0,1,0
BRDA:102,1,0,0
BRDA:102,1,1,0
BRDA:104,2,0,0
BRDA:104,2,1,0
BRDA:106,3,0,0
BRDA:106,3,1,0
BRDA:108,4,0,0
BRDA:108,4,1,0
BRDA:113,5,0,0
BRDA:113,5,1,0
BRDA:120,6,0,0
BRDA:120,6,1,0
BRDA:125,7,0,0
BRDA:125,7,1,0
BRDA:131,8,0,0
BRDA:131,8,1,0
BRDA:133,9,0,0
BRDA:133,9,1,0
BRDA:133,10,0,0
BRDA:133,10,1,0
BRDA:139,11,0,0
BRDA:139,11,1,0
BRDA:139,12,0,0
BRDA:139,12,1,0
BRDA:155,13,0,0
BRDA:155,13,1,0
BRDA:156,14,0,0
BRDA:156,14,1,0
BRDA:158,15,0,0
BRDA:158,15,1,0
BRDA:160,16,0,0
BRDA:160,16,1,0
BRDA:162,17,0,0
BRDA:162,17,1,0
BRDA:167,18,0,0
BRDA:167,18,1,0
BRDA:174,19,0,0
BRDA:174,19,1,0
BRDA:179,20,0,0
BRDA:179,20,1,0
BRDA:185,21,0,0
BRDA:185,21,1,0
BRDA:187,22,0,0
BRDA:187,22,1,0
BRDA:187,23,0,0
BRDA:187,23,1,0
BRDA:193,24,0,0
BRDA:193,24,1,0
BRDA:193,25,0,0
BRDA:193,25,1,0
BRDA:206,26,0,0
BRDA:206,26,1,0
BRDA:208,27,0,0
BRDA:208,27,1,0
BRDA:218,28,0,0
BRDA:218,28,1,0
BRDA:218,29,0,0
BRDA:218,29,1,0
BRDA:219,30,0,0
BRDA:219,30,1,0
BRDA:230,31,0,0
BRDA:230,31,1,0
BRDA:236,32,0,0
BRDA:236,32,1,0
BRDA:238,33,0,0
BRDA:238,33,1,0
BRDA:238,34,0,0
BRDA:238,34,1,0
BRDA:243,35,0,0
BRDA:243,35,1,0
BRDA:243,36,0,0
BRDA:243,36,1,0
BRDA:261,37,0,0
BRDA:261,37,1,0
BRDA:306,38,0,0
BRDA:306,38,1,0
BRDA:306,38,2,0
BRDA:328,39,0,0
BRDA:328,39,1,0
BRDA:344,40,0,0
BRDA:344,40,1,0
BRDA:344,40,2,0
BRDA:344,40,3,0
BRDA:344,40,4,0
BRDA:344,40,5,0
BRDA:352,41,0,0
BRDA:352,41,1,0
BRDA:362,42,0,0
BRDA:362,42,1,0
BRDA:363,43,0,0
BRDA:363,43,1,0
BRDA:390,44,0,0
BRDA:390,44,1,0
BRDA:419,45,0,0
BRDA:419,45,1,0
BRDA:419,45,2,0
BRDA:419,45,3,0
BRDA:436,46,0,0
BRDA:436,46,1,0
BRDA:444,47,0,0
BRDA:444,47,1,0
BRDA:454,48,0,0
BRDA:454,48,1,0
BRDA:462,49,0,0
BRDA:462,49,1,0
BRDA:482,50,0,0
BRDA:482,50,1,0
BRDA:488,51,0,0
BRDA:488,51,1,0
BRDA:509,52,0,0
BRDA:509,52,1,0
BRDA:532,53,0,0
BRDA:532,53,1,0
BRDA:532,54,0,0
BRDA:532,54,1,0
BRDA:544,55,0,0
BRDA:544,55,1,0
BRDA:556,56,0,0
BRDA:556,56,1,0
BRDA:570,57,0,0
BRDA:570,57,1,0
BRDA:581,58,0,0
BRDA:581,58,1,0
BRDA:626,59,0,0
BRDA:626,59,1,0
BRDA:626,60,0,0
BRDA:626,60,1,0
BRDA:645,61,0,0
BRDA:645,61,1,0
BRDA:649,62,0,0
BRDA:649,62,1,0
BRDA:660,63,0,0
BRDA:660,63,1,0
BRDA:668,64,0,0
BRDA:668,64,1,0
BRDA:672,65,0,0
BRDA:672,65,1,0
BRDA:672,66,0,0
BRDA:672,66,1,0
BRDA:685,67,0,0
BRDA:685,67,1,0
BRDA:690,68,0,0
BRDA:690,68,1,0
BRDA:701,69,0,0
BRDA:701,69,1,0
BRDA:709,70,0,0
BRDA:709,70,1,0
BRDA:713,71,0,0
BRDA:713,71,1,0
BRDA:714,72,0,0
BRDA:714,72,1,0
BRDA:719,73,0,0
BRDA:719,73,1,0
BRDA:719,74,0,0
BRDA:719,74,1,0
BRDA:723,75,0,0
BRDA:723,75,1,0
BRDA:723,76,0,0
BRDA:723,76,1,0
BRDA:724,77,0,0
BRDA:724,77,1,0
BRDA:729,78,0,0
BRDA:729,78,1,0
BRDA:744,79,0,0
BRDA:744,79,1,0
BRDA:761,80,0,0
BRDA:761,80,1,0
BRDA:774,81,0,0
BRDA:774,81,1,0
BRDA:781,82,0,0
BRDA:781,82,1,0
BRDA:781,83,0,0
BRDA:781,83,1,0
BRDA:781,83,2,0
BRDA:788,84,0,0
BRDA:788,84,1,0
BRF:178
BRH:0
end_of_record
