TN:
SF:C:\Users\Acer\Desktop\Software-testing\Poker-test\poker_modules\deck.js
FN:4,(anonymous_0)
FN:22,(anonymous_1)
FN:35,(anonymous_2)
FNF:3
FNH:3
FNDA:23,(anonymous_0)
FNDA:7,(anonymous_1)
FNDA:3,(anonymous_2)
DA:4,2
DA:5,23
DA:6,23
DA:22,2
DA:24,7
DA:25,7
DA:27,7
DA:28,364
DA:29,364
DA:31,7
DA:35,2
DA:36,3
DA:37,3
DA:38,13
DA:39,13
DA:41,3
DA:44,2
LF:17
LH:17
BRDA:37,0,0,16
BRDA:37,0,1,13
BRF:2
BRH:2
end_of_record
TN:
SF:C:\Users\Acer\Desktop\Software-testing\Poker-test\poker_modules\player.js
FN:8,(anonymous_0)
FN:44,(anonymous_1)
FN:62,(anonymous_2)
FN:75,(anonymous_3)
FN:85,(anonymous_4)
FN:96,(anonymous_5)
FN:109,(anonymous_6)
FN:121,(anonymous_7)
FN:135,(anonymous_8)
FN:141,(anonymous_9)
FN:158,(anonymous_10)
FN:163,(anonymous_11)
FNF:12
FNH:12
FNDA:45,(anonymous_0)
FNDA:2,(anonymous_1)
FNDA:2,(anonymous_2)
FNDA:2,(anonymous_3)
FNDA:1,(anonymous_4)
FNDA:2,(anonymous_5)
FNDA:2,(anonymous_6)
FNDA:1,(anonymous_7)
FNDA:24,(anonymous_8)
FNDA:29,(anonymous_9)
FNDA:22,(anonymous_10)
FNDA:293,(anonymous_11)
DA:8,1
DA:9,45
DA:26,45
DA:28,45
DA:30,45
DA:32,45
DA:34,45
DA:36,45
DA:38,45
DA:44,1
DA:45,2
DA:46,1
DA:48,1
DA:49,1
DA:51,1
DA:52,1
DA:62,1
DA:64,2
DA:65,2
DA:66,2
DA:68,2
DA:69,2
DA:75,1
DA:76,2
DA:77,1
DA:78,1
DA:85,1
DA:87,1
DA:88,1
DA:89,1
DA:96,1
DA:97,2
DA:98,2
DA:99,1
DA:101,2
DA:102,2
DA:109,1
DA:110,2
DA:111,2
DA:112,1
DA:114,2
DA:115,2
DA:121,1
DA:122,1
DA:123,1
DA:124,1
DA:125,1
DA:126,1
DA:127,1
DA:135,1
DA:136,24
DA:137,24
DA:138,24
DA:141,24
DA:142,29
DA:143,18
DA:145,11
DA:158,24
DA:159,22
DA:163,24
DA:164,293
DA:167,24
DA:168,24
DA:169,24
DA:170,24
DA:182,24
DA:184,24
DA:187,24
DA:189,144
DA:192,144
DA:193,144
DA:196,144
DA:197,65
DA:200,79
DA:201,35
DA:204,44
DA:205,40
DA:206,25
DA:208,15
DA:214,24
DA:216,11
DA:217,2
DA:221,11
DA:222,8
DA:223,8
DA:228,24
DA:229,85
DA:230,85
DA:232,6
DA:233,5
DA:234,5
DA:235,5
DA:236,19
DA:237,19
DA:239,19
DA:240,15
DA:242,4
DA:243,3
DA:246,1
DA:248,18
DA:250,4
DA:251,1
DA:253,4
DA:254,3
DA:255,3
DA:256,1
DA:258,2
DA:263,5
DA:264,2
DA:265,2
DA:267,5
DA:272,23
DA:273,15
DA:275,15
DA:276,24
DA:278,15
DA:279,15
DA:280,15
DA:282,13
DA:284,5
DA:286,5
DA:287,1
DA:288,1
DA:289,5
DA:290,3
DA:291,3
DA:293,5
DA:297,4
DA:298,1
DA:299,1
DA:300,5
DA:301,2
DA:302,2
DA:304,5
DA:308,3
DA:309,2
DA:310,2
DA:311,6
DA:312,2
DA:313,2
DA:315,6
DA:319,1
DA:323,8
DA:325,5
DA:326,2
DA:327,2
DA:329,3
DA:330,3
DA:334,5
DA:336,2
DA:337,4
DA:339,2
DA:341,2
DA:342,4
DA:343,2
DA:344,2
DA:346,4
DA:350,3
DA:351,1
DA:352,1
DA:353,2
DA:357,2
DA:358,2
DA:359,6
DA:360,2
DA:361,2
DA:363,6
DA:368,3
DA:370,3
DA:371,7
DA:372,1
DA:373,1
DA:374,1
DA:375,1
DA:379,3
DA:380,2
DA:381,2
DA:382,2
DA:387,3
DA:388,6
DA:393,3
DA:394,2
DA:395,4
DA:396,2
DA:397,2
DA:399,4
DA:406,22
DA:407,2
DA:408,2
DA:411,22
DA:413,2
DA:414,2
DA:415,2
DA:417,1
DA:418,1
DA:419,1
DA:421,4
DA:422,4
DA:423,4
DA:425,1
DA:426,1
DA:427,1
DA:429,3
DA:430,3
DA:431,3
DA:433,2
DA:434,2
DA:435,2
DA:437,2
DA:438,2
DA:439,2
DA:441,4
DA:442,4
DA:443,4
DA:445,2
DA:446,2
DA:447,2
DA:449,1
DA:450,1
DA:451,1
DA:453,22
DA:456,1
LF:222
LH:222
BRDA:45,0,0,1
BRDA:45,0,1,1
BRDA:76,1,0,1
BRDA:76,1,1,1
BRDA:98,2,0,1
BRDA:98,2,1,1
BRDA:111,3,0,1
BRDA:111,3,1,1
BRDA:142,4,0,18
BRDA:142,4,1,11
BRDA:142,5,0,29
BRDA:142,5,1,18
BRDA:143,6,0,3
BRDA:143,6,1,15
BRDA:196,7,0,65
BRDA:196,7,1,79
BRDA:200,8,0,35
BRDA:200,8,1,44
BRDA:200,9,0,79
BRDA:200,9,1,39
BRDA:204,10,0,40
BRDA:204,10,1,4
BRDA:205,11,0,25
BRDA:205,11,1,15
BRDA:214,12,0,11
BRDA:214,12,1,13
BRDA:216,13,0,2
BRDA:216,13,1,9
BRDA:216,14,0,11
BRDA:216,14,1,2
BRDA:221,15,0,8
BRDA:221,15,1,3
BRDA:230,16,0,6
BRDA:230,16,1,79
BRDA:232,17,0,5
BRDA:232,17,1,1
BRDA:235,18,0,23
BRDA:235,18,1,19
BRDA:239,19,0,15
BRDA:239,19,1,4
BRDA:242,20,0,3
BRDA:242,20,1,1
BRDA:242,21,0,4
BRDA:242,21,1,3
BRDA:250,22,0,1
BRDA:250,22,1,3
BRDA:250,23,0,4
BRDA:250,23,1,1
BRDA:250,23,2,1
BRDA:253,24,0,3
BRDA:253,24,1,1
BRDA:255,25,0,1
BRDA:255,25,1,2
BRDA:263,26,0,2
BRDA:263,26,1,3
BRDA:263,27,0,5
BRDA:263,27,1,3
BRDA:272,28,0,15
BRDA:272,28,1,8
BRDA:280,29,0,13
BRDA:280,29,1,2
BRDA:282,30,0,5
BRDA:282,30,1,8
BRDA:286,31,0,1
BRDA:286,31,1,4
BRDA:289,32,0,3
BRDA:289,32,1,2
BRDA:297,33,0,1
BRDA:297,33,1,3
BRDA:300,34,0,2
BRDA:300,34,1,3
BRDA:308,35,0,2
BRDA:308,35,1,1
BRDA:311,36,0,2
BRDA:311,36,1,4
BRDA:323,37,0,5
BRDA:323,37,1,3
BRDA:325,38,0,2
BRDA:325,38,1,3
BRDA:325,39,0,5
BRDA:325,39,1,3
BRDA:325,39,2,2
BRDA:334,40,0,2
BRDA:334,40,1,3
BRDA:342,41,0,2
BRDA:342,41,1,2
BRDA:342,42,0,4
BRDA:342,42,1,2
BRDA:350,43,0,1
BRDA:350,43,1,2
BRDA:359,44,0,2
BRDA:359,44,1,4
BRDA:371,45,0,1
BRDA:371,45,1,6
BRDA:379,46,0,2
BRDA:379,46,1,1
BRDA:393,47,0,2
BRDA:393,47,1,1
BRDA:395,48,0,2
BRDA:395,48,1,2
BRDA:395,49,0,4
BRDA:395,49,1,2
BRDA:406,50,0,2
BRDA:406,50,1,20
BRDA:411,51,0,2
BRDA:411,51,1,1
BRDA:411,51,2,4
BRDA:411,51,3,1
BRDA:411,51,4,3
BRDA:411,51,5,2
BRDA:411,51,6,2
BRDA:411,51,7,4
BRDA:411,51,8,2
BRDA:411,51,9,1
BRF:114
BRH:114
end_of_record
TN:
SF:C:\Users\Acer\Desktop\Software-testing\Poker-test\poker_modules\pot.js
FN:4,(anonymous_0)
FN:21,(anonymous_1)
FN:31,(anonymous_2)
FN:100,(anonymous_3)
FN:112,(anonymous_4)
FN:169,(anonymous_5)
FN:186,(anonymous_6)
FN:196,(anonymous_7)
FNF:8
FNH:8
FNDA:23,(anonymous_0)
FNDA:18,(anonymous_1)
FNDA:9,(anonymous_2)
FNDA:17,(anonymous_3)
FNDA:5,(anonymous_4)
FNDA:1,(anonymous_5)
FNDA:2,(anonymous_6)
FNDA:2,(anonymous_7)
DA:4,2
DA:10,23
DA:21,2
DA:22,18
DA:23,18
DA:24,18
DA:31,2
DA:33,9
DA:36,9
DA:38,9
DA:42,9
DA:43,25
DA:44,18
DA:45,9
DA:47,9
DA:48,7
DA:50,7
DA:51,1
DA:59,9
DA:60,4
DA:61,11
DA:62,6
DA:63,6
DA:64,6
DA:65,3
DA:73,5
DA:74,14
DA:75,12
DA:76,12
DA:77,12
DA:78,9
DA:84,5
DA:92,5
DA:100,2
DA:102,17
DA:104,17
DA:105,17
DA:107,17
DA:108,16
DA:112,2
DA:113,5
DA:114,5
DA:117,5
DA:118,5
DA:119,5
DA:120,5
DA:121,5
DA:122,15
DA:123,14
DA:124,10
DA:125,10
DA:127,4
DA:128,3
DA:132,5
DA:133,3
DA:134,3
DA:135,3
DA:136,3
DA:138,2
DA:140,2
DA:141,2
DA:143,2
DA:144,4
DA:145,4
DA:146,1
DA:148,3
DA:151,4
DA:152,4
DA:153,4
DA:154,4
DA:159,5
DA:161,5
DA:169,2
DA:170,1
DA:171,1
DA:173,1
DA:174,1
DA:175,1
DA:178,1
DA:179,1
DA:186,2
DA:187,2
DA:188,2
DA:189,2
DA:190,2
DA:191,1
DA:196,2
DA:197,2
DA:201,2
LF:89
LH:89
BRDA:43,0,0,18
BRDA:43,0,1,7
BRDA:43,1,0,25
BRDA:43,1,1,25
BRDA:44,2,0,9
BRDA:44,2,1,9
BRDA:47,3,0,7
BRDA:47,3,1,2
BRDA:50,4,0,1
BRDA:50,4,1,6
BRDA:59,5,0,4
BRDA:59,5,1,5
BRDA:61,6,0,6
BRDA:61,6,1,5
BRDA:61,7,0,11
BRDA:61,7,1,11
BRDA:64,8,0,3
BRDA:64,8,1,3
BRDA:74,9,0,12
BRDA:74,9,1,2
BRDA:74,10,0,14
BRDA:74,10,1,14
BRDA:77,11,0,9
BRDA:77,11,1,3
BRDA:107,12,0,16
BRDA:107,12,1,1
BRDA:122,13,0,14
BRDA:122,13,1,1
BRDA:122,14,0,15
BRDA:122,14,1,15
BRDA:122,14,2,14
BRDA:123,15,0,10
BRDA:123,15,1,4
BRDA:127,16,0,3
BRDA:127,16,1,1
BRDA:132,17,0,3
BRDA:132,17,1,2
BRDA:145,18,0,1
BRDA:145,18,1,3
BRDA:145,19,0,4
BRDA:145,19,1,2
BRDA:190,20,0,1
BRDA:190,20,1,1
BRF:43
BRH:43
end_of_record
TN:
SF:C:\Users\Acer\Desktop\Software-testing\Poker-test\poker_modules\table.js
FN:17,(anonymous_0)
FN:84,(anonymous_1)
FN:100,(anonymous_2)
FN:154,(anonymous_3)
FN:205,(anonymous_4)
FN:256,(anonymous_5)
FN:276,(anonymous_6)
FN:285,(anonymous_7)
FN:305,(anonymous_8)
FN:330,(anonymous_9)
FN:341,(anonymous_10)
FN:380,(anonymous_11)
FN:410,(anonymous_12)
FN:418,(anonymous_13)
FN:435,(anonymous_14)
FN:453,(anonymous_15)
FN:470,(anonymous_16)
FN:499,(anonymous_17)
FN:519,(anonymous_18)
FN:542,(anonymous_19)
FN:567,(anonymous_20)
FN:594,(anonymous_21)
FN:610,(anonymous_22)
FN:636,(anonymous_23)
FN:683,(anonymous_24)
FN:739,(anonymous_25)
FN:757,(anonymous_26)
FN:771,(anonymous_27)
FN:798,(anonymous_28)
FN:813,(anonymous_29)
FNF:30
FNH:30
FNDA:22,(anonymous_0)
FNDA:1,(anonymous_1)
FNDA:15,(anonymous_2)
FNDA:10,(anonymous_3)
FNDA:8,(anonymous_4)
FNDA:7,(anonymous_5)
FNDA:2,(anonymous_6)
FNDA:6,(anonymous_7)
FNDA:11,(anonymous_8)
FNDA:1,(anonymous_9)
FNDA:15,(anonymous_10)
FNDA:8,(anonymous_11)
FNDA:8,(anonymous_12)
FNDA:4,(anonymous_13)
FNDA:9,(anonymous_14)
FNDA:9,(anonymous_15)
FNDA:8,(anonymous_16)
FNDA:4,(anonymous_17)
FNDA:6,(anonymous_18)
FNDA:7,(anonymous_19)
FNDA:7,(anonymous_20)
FNDA:4,(anonymous_21)
FNDA:8,(anonymous_22)
FNDA:13,(anonymous_23)
FNDA:10,(anonymous_24)
FNDA:2,(anonymous_25)
FNDA:2,(anonymous_26)
FNDA:9,(anonymous_27)
FNDA:8,(anonymous_28)
FNDA:1,(anonymous_29)
DA:1,1
DA:2,1
DA:17,1
DA:19,22
DA:21,22
DA:23,22
DA:25,22
DA:27,22
DA:29,22
DA:31,22
DA:33,22
DA:35,22
DA:37,22
DA:39,22
DA:78,22
DA:79,44
DA:84,1
DA:85,1
DA:86,1
DA:100,1
DA:101,15
DA:102,15
DA:104,15
DA:105,6
DA:106,6
DA:107,3
DA:108,3
DA:109,2
DA:110,2
DA:111,2
DA:113,2
DA:114,1
DA:119,5
DA:120,7
DA:121,6
DA:122,6
DA:123,6
DA:125,6
DA:126,5
DA:131,9
DA:132,6
DA:133,7
DA:134,2
DA:138,7
DA:139,9
DA:140,5
DA:145,2
DA:154,1
DA:155,10
DA:156,10
DA:158,10
DA:159,5
DA:160,5
DA:161,3
DA:162,4
DA:163,3
DA:164,3
DA:165,3
DA:167,3
DA:168,2
DA:173,3
DA:174,5
DA:175,4
DA:176,4
DA:177,4
DA:179,4
DA:180,1
DA:185,5
DA:186,4
DA:187,5
DA:188,3
DA:192,2
DA:193,2
DA:194,1
DA:199,3
DA:205,1
DA:206,8
DA:208,8
DA:210,6
DA:211,6
DA:212,6
DA:213,6
DA:214,6
DA:216,6
DA:218,18
DA:219,12
DA:220,3
DA:221,3
DA:223,9
DA:224,9
DA:230,6
DA:231,4
DA:232,4
DA:233,4
DA:236,4
DA:237,6
DA:238,6
DA:239,6
DA:242,4
DA:243,2
DA:246,1
DA:249,6
DA:256,1
DA:258,7
DA:261,7
DA:262,1
DA:264,6
DA:266,7
DA:269,7
DA:270,7
DA:276,1
DA:278,2
DA:279,2
DA:285,1
DA:287,6
DA:288,6
DA:290,6
DA:292,6
DA:293,12
DA:294,12
DA:295,12
DA:296,12
DA:299,6
DA:305,1
DA:306,11
DA:308,9
DA:309,9
DA:310,9
DA:312,1
DA:313,1
DA:314,1
DA:316,1
DA:317,1
DA:318,1
DA:321,11
DA:322,11
DA:323,11
DA:324,11
DA:325,11
DA:328,11
DA:329,1
DA:330,1
DA:331,1
DA:334,10
DA:341,1
DA:342,15
DA:344,15
DA:346,9
DA:347,9
DA:349,1
DA:350,1
DA:352,2
DA:353,1
DA:355,1
DA:357,2
DA:362,3
DA:363,2
DA:364,1
DA:366,1
DA:369,1
DA:371,3
DA:374,15
DA:380,1
DA:381,8
DA:383,8
DA:384,8
DA:386,8
DA:387,8
DA:390,8
DA:391,1
DA:393,8
DA:396,8
DA:398,8
DA:399,8
DA:400,8
DA:406,8
DA:409,8
DA:410,8
DA:411,8
DA:418,1
DA:419,4
DA:423,3
DA:424,3
DA:426,1
DA:427,1
DA:435,1
DA:436,9
DA:437,9
DA:438,9
DA:444,9
DA:445,9
DA:446,9
DA:453,1
DA:454,9
DA:455,9
DA:456,9
DA:462,9
DA:463,9
DA:464,9
DA:470,1
DA:471,8
DA:472,8
DA:478,8
DA:480,8
DA:481,8
DA:482,8
DA:483,6
DA:484,6
DA:485,6
DA:486,6
DA:488,2
DA:489,1
DA:491,1
DA:499,1
DA:500,4
DA:507,4
DA:509,4
DA:510,3
DA:512,1
DA:519,1
DA:520,6
DA:521,6
DA:523,6
DA:530,6
DA:532,6
DA:533,5
DA:535,1
DA:542,1
DA:543,7
DA:544,7
DA:546,7
DA:553,7
DA:555,7
DA:556,7
DA:557,1
DA:559,6
DA:560,6
DA:567,1
DA:568,7
DA:569,7
DA:570,7
DA:571,7
DA:572,7
DA:578,7
DA:580,7
DA:581,7
DA:582,1
DA:584,6
DA:585,6
DA:594,1
DA:595,4
DA:596,4
DA:598,4
DA:601,4
DA:603,4
DA:610,1
DA:611,8
DA:617,8
DA:620,8
DA:621,8
DA:623,8
DA:626,8
DA:628,1
DA:636,1
DA:637,13
DA:645,13
DA:646,12
DA:649,12
DA:650,11
DA:653,12
DA:656,12
DA:657,12
DA:660,12
DA:661,11
DA:664,12
DA:665,12
DA:668,12
DA:669,1
DA:672,11
DA:673,8
DA:683,1
DA:685,10
DA:686,3
DA:690,10
DA:691,6
DA:697,6
DA:701,10
DA:702,9
DA:704,10
DA:706,10
DA:707,10
DA:709,10
DA:710,9
DA:711,9
DA:713,9
DA:714,4
DA:715,3
DA:719,5
DA:720,1
DA:723,4
DA:724,2
DA:725,1
DA:729,2
DA:730,1
DA:734,1
DA:736,10
DA:739,1
DA:741,2
DA:742,2
DA:743,2
DA:744,6
DA:745,3
DA:747,6
DA:751,2
DA:757,1
DA:759,2
DA:761,4
DA:762,2
DA:763,2
DA:771,1
DA:773,9
DA:774,9
DA:775,8
DA:776,8
DA:780,9
DA:781,18
DA:782,9
DA:783,9
DA:788,9
DA:789,8
DA:791,1
DA:798,1
DA:799,8
DA:800,8
DA:801,8
DA:802,8
DA:803,8
DA:804,8
DA:805,8
DA:806,8
DA:807,8
DA:813,1
DA:814,1
DA:815,1
DA:818,1
LF:345
LH:345
BRDA:101,0,0,14
BRDA:101,0,1,1
BRDA:102,1,0,14
BRDA:102,1,1,1
BRDA:104,2,0,6
BRDA:104,2,1,9
BRDA:106,3,0,3
BRDA:106,3,1,3
BRDA:108,4,0,2
BRDA:108,4,1,1
BRDA:113,5,0,1
BRDA:113,5,1,1
BRDA:120,6,0,6
BRDA:120,6,1,1
BRDA:125,7,0,5
BRDA:125,7,1,1
BRDA:131,8,0,6
BRDA:131,8,1,3
BRDA:133,9,0,2
BRDA:133,9,1,5
BRDA:133,10,0,7
BRDA:133,10,1,4
BRDA:139,11,0,5
BRDA:139,11,1,4
BRDA:139,12,0,9
BRDA:139,12,1,8
BRDA:155,13,0,9
BRDA:155,13,1,1
BRDA:156,14,0,9
BRDA:156,14,1,1
BRDA:158,15,0,5
BRDA:158,15,1,5
BRDA:160,16,0,3
BRDA:160,16,1,2
BRDA:162,17,0,3
BRDA:162,17,1,1
BRDA:167,18,0,2
BRDA:167,18,1,1
BRDA:174,19,0,4
BRDA:174,19,1,1
BRDA:179,20,0,1
BRDA:179,20,1,3
BRDA:185,21,0,4
BRDA:185,21,1,1
BRDA:187,22,0,3
BRDA:187,22,1,2
BRDA:187,23,0,5
BRDA:187,23,1,4
BRDA:193,24,0,1
BRDA:193,24,1,1
BRDA:193,25,0,2
BRDA:193,25,1,2
BRDA:206,26,0,6
BRDA:206,26,1,2
BRDA:208,27,0,6
BRDA:208,27,1,2
BRDA:218,28,0,12
BRDA:218,28,1,6
BRDA:218,29,0,18
BRDA:218,29,1,18
BRDA:219,30,0,3
BRDA:219,30,1,9
BRDA:230,31,0,4
BRDA:230,31,1,2
BRDA:236,32,0,10
BRDA:236,32,1,6
BRDA:238,33,0,6
BRDA:238,33,1,0
BRDA:238,34,0,6
BRDA:238,34,1,6
BRDA:243,35,0,1
BRDA:243,35,1,1
BRDA:243,36,0,2
BRDA:243,36,1,2
BRDA:261,37,0,1
BRDA:261,37,1,6
BRDA:306,38,0,9
BRDA:306,38,1,1
BRDA:306,38,2,1
BRDA:328,39,0,1
BRDA:328,39,1,10
BRDA:344,40,0,9
BRDA:344,40,1,1
BRDA:344,40,2,2
BRDA:344,40,3,2
BRDA:344,40,4,2
BRDA:344,40,5,3
BRDA:352,41,0,1
BRDA:352,41,1,1
BRDA:362,42,0,2
BRDA:362,42,1,1
BRDA:363,43,0,1
BRDA:363,43,1,1
BRDA:390,44,0,1
BRDA:390,44,1,7
BRDA:419,45,0,1
BRDA:419,45,1,2
BRDA:419,45,2,3
BRDA:419,45,3,1
BRDA:436,46,0,8
BRDA:436,46,1,1
BRDA:444,47,0,8
BRDA:444,47,1,1
BRDA:454,48,0,8
BRDA:454,48,1,1
BRDA:462,49,0,8
BRDA:462,49,1,1
BRDA:482,50,0,6
BRDA:482,50,1,2
BRDA:488,51,0,1
BRDA:488,51,1,1
BRDA:509,52,0,3
BRDA:509,52,1,1
BRDA:532,53,0,5
BRDA:532,53,1,1
BRDA:532,54,0,6
BRDA:532,54,1,1
BRDA:544,55,0,1
BRDA:544,55,1,6
BRDA:556,56,0,1
BRDA:556,56,1,6
BRDA:570,57,0,2
BRDA:570,57,1,5
BRDA:581,58,0,1
BRDA:581,58,1,6
BRDA:626,59,0,1
BRDA:626,59,1,7
BRDA:626,60,0,8
BRDA:626,60,1,7
BRDA:645,61,0,12
BRDA:645,61,1,1
BRDA:649,62,0,11
BRDA:649,62,1,1
BRDA:660,63,0,11
BRDA:660,63,1,1
BRDA:668,64,0,1
BRDA:668,64,1,11
BRDA:672,65,0,8
BRDA:672,65,1,3
BRDA:672,66,0,11
BRDA:672,66,1,9
BRDA:685,67,0,3
BRDA:685,67,1,7
BRDA:690,68,0,6
BRDA:690,68,1,4
BRDA:701,69,0,9
BRDA:701,69,1,1
BRDA:709,70,0,9
BRDA:709,70,1,1
BRDA:713,71,0,4
BRDA:713,71,1,5
BRDA:714,72,0,3
BRDA:714,72,1,1
BRDA:719,73,0,1
BRDA:719,73,1,4
BRDA:719,74,0,5
BRDA:719,74,1,3
BRDA:723,75,0,2
BRDA:723,75,1,2
BRDA:723,76,0,4
BRDA:723,76,1,3
BRDA:724,77,0,1
BRDA:724,77,1,1
BRDA:729,78,0,1
BRDA:729,78,1,1
BRDA:744,79,0,3
BRDA:744,79,1,3
BRDA:761,80,0,2
BRDA:761,80,1,2
BRDA:774,81,0,8
BRDA:774,81,1,1
BRDA:781,82,0,9
BRDA:781,82,1,9
BRDA:781,83,0,18
BRDA:781,83,1,18
BRDA:781,83,2,9
BRDA:788,84,0,8
BRDA:788,84,1,1
BRF:178
BRH:177
end_of_record
